<?xml version="1.0" encoding="UTF-8"?>
<!-- Generated by org.testng.reporters.JUnitReportReporter -->
<testsuite skipped="0" hostname="QKNBK364" name="lambo.SC001_TC001" tests="2" failures="0" timestamp="04 Apr 2017 03:26:07 GMT" time="0.027" errors="0">
  <testcase name="Test01_first" time="0.026" classname="lambo.SC001_TC001"/>
  <testcase name="Test02_second" time="0.001" classname="lambo.SC001_TC001"/>
</testsuite> <!-- lambo.SC001_TC001 -->
